{
  "RSpec": {
    "coverage": {
      "/home/hhaldren/git-repos/myrhythm/app/helpers/application_helper.rb": {
        "lines": [
          1,
          null
        ]
      },
      "/home/hhaldren/git-repos/myrhythm/app/helpers/routines_helper.rb": {
        "lines": [
          1,
          null
        ]
      },
      "/home/hhaldren/git-repos/myrhythm/app/helpers/tasks_helper.rb": {
        "lines": [
          1,
          null
        ]
      },
      "/home/hhaldren/git-repos/myrhythm/app/controllers/routines_controller.rb": {
        "lines": [
          1,
          1,
          null,
          null,
          1,
          1,
          null,
          null,
          null,
          1,
          null,
          null,
          null,
          1,
          1,
          null,
          null,
          null,
          1,
          null,
          null,
          null,
          1,
          0,
          null,
          0,
          0,
          0,
          0,
          null,
          0,
          0,
          null,
          null,
          null,
          null,
          null,
          1,
          0,
          0,
          0,
          0,
          null,
          0,
          0,
          null,
          null,
          null,
          null,
          null,
          1,
          0,
          null,
          0,
          0,
          0,
          null,
          null,
          null,
          1,
          null,
          1,
          0,
          null,
          null,
          null,
          1,
          0,
          null,
          null
        ]
      },
      "/home/hhaldren/git-repos/myrhythm/app/controllers/application_controller.rb": {
        "lines": [
          1,
          null
        ]
      },
      "/home/hhaldren/git-repos/myrhythm/app/controllers/tasks_controller.rb": {
        "lines": [
          1,
          1,
          1,
          null,
          null,
          1,
          0,
          null,
          null,
          null,
          1,
          null,
          null,
          null,
          1,
          0,
          null,
          null,
          null,
          1,
          null,
          null,
          null,
          1,
          0,
          null,
          0,
          0,
          0,
          0,
          null,
          0,
          0,
          null,
          null,
          null,
          null,
          null,
          1,
          0,
          0,
          0,
          0,
          null,
          0,
          0,
          null,
          null,
          null,
          null,
          null,
          1,
          0,
          null,
          0,
          0,
          0,
          null,
          null,
          null,
          1,
          null,
          1,
          0,
          null,
          null,
          null,
          1,
          0,
          null,
          null,
          null,
          1,
          0,
          null,
          null
        ]
      },
      "/home/hhaldren/git-repos/myrhythm/app/models/routine.rb": {
        "lines": [
          1,
          1,
          1,
          null,
          1,
          2,
          1,
          null,
          1,
          null,
          2,
          null,
          null,
          1,
          1,
          null,
          null,
          1,
          2,
          2,
          2,
          8,
          null,
          2,
          null,
          null,
          null
        ]
      },
      "/home/hhaldren/git-repos/myrhythm/app/models/application_record.rb": {
        "lines": [
          1,
          1,
          null
        ]
      },
      "/home/hhaldren/git-repos/myrhythm/app/models/task.rb": {
        "lines": [
          1,
          1,
          null,
          1,
          null,
          1,
          4,
          3,
          null,
          1,
          null,
          4,
          null,
          null,
          null
        ]
      }
    },
    "timestamp": 1698883318
  }
}
