{
  "Cucumber Features": {
    "coverage": {
      "/home/hhaldren/git-repos/myrhythm/app/models/routine.rb": {
        "lines": [
          1,
          1,
          null,
          1,
          null
        ]
      },
      "/home/hhaldren/git-repos/myrhythm/app/models/application_record.rb": {
        "lines": [
          1,
          1,
          null
        ]
      },
      "/home/hhaldren/git-repos/myrhythm/app/controllers/routines_controller.rb": {
        "lines": [
          1,
          1,
          null,
          null,
          1,
          3,
          null,
          null,
          null,
          1,
          null,
          null,
          null,
          1,
          0,
          null,
          null,
          null,
          1,
          null,
          null,
          null,
          1,
          0,
          null,
          0,
          0,
          0,
          0,
          null,
          0,
          0,
          null,
          null,
          null,
          null,
          null,
          1,
          0,
          0,
          0,
          0,
          null,
          0,
          0,
          null,
          null,
          null,
          null,
          null,
          1,
          0,
          null,
          0,
          0,
          0,
          null,
          null,
          null,
          1,
          null,
          1,
          0,
          null,
          null,
          null,
          1,
          0,
          null,
          null
        ]
      },
      "/home/hhaldren/git-repos/myrhythm/app/controllers/application_controller.rb": {
        "lines": [
          1,
          null
        ]
      },
      "/home/hhaldren/git-repos/myrhythm/app/helpers/application_helper.rb": {
        "lines": [
          1,
          null
        ]
      },
      "/home/hhaldren/git-repos/myrhythm/app/helpers/routines_helper.rb": {
        "lines": [
          1,
          null
        ]
      },
      "/home/hhaldren/git-repos/myrhythm/app/helpers/tasks_helper.rb": {
        "lines": [
          1,
          null
        ]
      },
      "/home/hhaldren/git-repos/myrhythm/app/controllers/tasks_controller.rb": {
        "lines": [
          0,
          0,
          0,
          null,
          null,
          0,
          0,
          0,
          null,
          null,
          0,
          0,
          null,
          null,
          0,
          0,
          0,
          null,
          null,
          0,
          0,
          null,
          null,
          0,
          0,
          null,
          0,
          0,
          0,
          0,
          0,
          0,
          0,
          0,
          0,
          0,
          null,
          null,
          0,
          0,
          0,
          0,
          0,
          0,
          0,
          0,
          0,
          0,
          0,
          null,
          null,
          0,
          0,
          null,
          0,
          0,
          0,
          0,
          0,
          null,
          0,
          null,
          0,
          0,
          0,
          null,
          null,
          0,
          0,
          0,
          null,
          null,
          0,
          0,
          0,
          0
        ],
        "branches": {
        }
      },
      "/home/hhaldren/git-repos/myrhythm/app/models/task.rb": {
        "lines": [
          0,
          0,
          null,
          0,
          0
        ],
        "branches": {
        }
      }
    },
    "timestamp": 1698871015
  },
  "RSpec": {
    "coverage": {
      "/home/hhaldren/git-repos/myrhythm/app/helpers/application_helper.rb": {
        "lines": [
          1,
          null
        ]
      },
      "/home/hhaldren/git-repos/myrhythm/app/helpers/routines_helper.rb": {
        "lines": [
          1,
          null
        ]
      },
      "/home/hhaldren/git-repos/myrhythm/app/helpers/tasks_helper.rb": {
        "lines": [
          1,
          null
        ]
      },
      "/home/hhaldren/git-repos/myrhythm/app/controllers/routines_controller.rb": {
        "lines": [
          1,
          1,
          null,
          null,
          1,
          1,
          null,
          null,
          null,
          1,
          null,
          null,
          null,
          1,
          1,
          null,
          null,
          null,
          1,
          null,
          null,
          null,
          1,
          0,
          null,
          0,
          0,
          0,
          0,
          null,
          0,
          0,
          null,
          null,
          null,
          null,
          null,
          1,
          0,
          0,
          0,
          0,
          null,
          0,
          0,
          null,
          null,
          null,
          null,
          null,
          1,
          0,
          null,
          0,
          0,
          0,
          null,
          null,
          null,
          1,
          null,
          1,
          0,
          null,
          null,
          null,
          1,
          0,
          null,
          null
        ]
      },
      "/home/hhaldren/git-repos/myrhythm/app/controllers/application_controller.rb": {
        "lines": [
          1,
          null
        ]
      },
      "/home/hhaldren/git-repos/myrhythm/app/controllers/tasks_controller.rb": {
        "lines": [
          1,
          1,
          1,
          null,
          null,
          1,
          0,
          null,
          null,
          null,
          1,
          null,
          null,
          null,
          1,
          0,
          null,
          null,
          null,
          1,
          null,
          null,
          null,
          1,
          0,
          null,
          0,
          0,
          0,
          0,
          null,
          0,
          0,
          null,
          null,
          null,
          null,
          null,
          1,
          0,
          0,
          0,
          0,
          null,
          0,
          0,
          null,
          null,
          null,
          null,
          null,
          1,
          0,
          null,
          0,
          0,
          0,
          null,
          null,
          null,
          1,
          null,
          1,
          0,
          null,
          null,
          null,
          1,
          0,
          null,
          null,
          null,
          1,
          0,
          null,
          null
        ]
      },
      "/home/hhaldren/git-repos/myrhythm/app/models/routine.rb": {
        "lines": [
          1,
          1,
          null,
          1,
          null,
          1,
          1,
          null,
          null,
          null
        ]
      },
      "/home/hhaldren/git-repos/myrhythm/app/models/application_record.rb": {
        "lines": [
          1,
          1,
          null
        ]
      },
      "/home/hhaldren/git-repos/myrhythm/app/models/task.rb": {
        "lines": [
          1,
          1,
          null,
          1,
          null,
          1,
          1,
          1,
          null,
          0,
          null,
          1,
          null,
          null,
          null
        ]
      }
    },
    "timestamp": 1698873156
  }
}
